Looking for git in: git
Using git 2.29.2 from git
> git rev-parse --git-dir
Open repository: /home/alex/Workspace/VisualStudio/HackableAuthenticationChallenge
> git status -z -u
> git symbolic-ref --short HEAD
> git rev-parse master
> git rev-parse --symbolic-full-name master@{u}
> git rev-list --left-right master...refs/remotes/origin/master
> git for-each-ref --sort -committerdate --format %(refname) %(objectname) %(*objectname)
> git remote --verbose
Warning: Failed to watch ref '/home/alex/Workspace/VisualStudio/HackableAuthenticationChallenge/.git/refs/remotes/origin/master', is most likely packed.
> git config --get commit.template
> git check-ignore -v -z --stdin
> git check-ignore -v -z --stdin
> git check-ignore -v -z --stdin
> git show --textconv :AuthenticationChallenge/Controllers/AccountController.cs
> git ls-files --stage -- /home/alex/Workspace/VisualStudio/HackableAuthenticationChallenge/AuthenticationChallenge/Controllers/AccountController.cs
> git cat-file -s 3efbca48255387d8462f153f718bbd8e3d306dca
> git show --textconv :AuthenticationChallenge/Controllers/AdministrationController.cs
> git ls-files --stage -- /home/alex/Workspace/VisualStudio/HackableAuthenticationChallenge/AuthenticationChallenge/Controllers/AdministrationController.cs
> git cat-file -s e3d2c20a3cd76c53b54776c9e8cda730d3e24588
> git show --textconv :AuthenticationChallenge/appsettings.Development.json
> git ls-files --stage -- /home/alex/Workspace/VisualStudio/HackableAuthenticationChallenge/AuthenticationChallenge/appsettings.Development.json
> git cat-file -s fa8ce71a97a3436e6513bbdf9bc39d1ca0723c13
> git show --textconv :AuthenticationChallenge/AuthenticationChallenge.csproj
> git ls-files --stage -- /home/alex/Workspace/VisualStudio/HackableAuthenticationChallenge/AuthenticationChallenge/AuthenticationChallenge.csproj
> git cat-file -s 696211bfe009d565b4591d53311789e0af1b7a4d
> git show --textconv :AuthenticationChallenge/Program.cs
> git ls-files --stage -- /home/alex/Workspace/VisualStudio/HackableAuthenticationChallenge/AuthenticationChallenge/Program.cs
> git cat-file -s 9630f6cb5bc51dce2b58ef0e8489f2000d3129d1
> git check-ignore -v -z --stdin
> git check-ignore -v -z --stdin
> git show --textconv :AuthenticationChallenge/Properties/Resources.Designer.cs
> git ls-files --stage -- /home/alex/Workspace/VisualStudio/HackableAuthenticationChallenge/AuthenticationChallenge/Properties/Resources.Designer.cs
> git cat-file -s 50c735a9f3bf95a33cb9cc161cbc5a7c0a0b565b
