Looking for git in: git
Using git 2.29.2 from git
> git rev-parse --git-dir
Open repository: /home/alex/Workspace/VisualStudio/HackableAuthenticationChallenge
> git status -z -u
> git symbolic-ref --short HEAD
> git rev-parse master
> git rev-parse --symbolic-full-name master@{u}
> git rev-list --left-right master...refs/remotes/origin/master
> git for-each-ref --sort -committerdate --format %(refname) %(objectname) %(*objectname)
> git remote --verbose
Warning: Failed to watch ref '/home/alex/Workspace/VisualStudio/HackableAuthenticationChallenge/.git/refs/remotes/origin/master', is most likely packed.
> git config --get commit.template
> git show --textconv :AuthenticationChallenge/Properties/Resources.Designer.cs
> git ls-files --stage -- /home/alex/Workspace/VisualStudio/HackableAuthenticationChallenge/AuthenticationChallenge/Properties/Resources.Designer.cs
> git cat-file -s 50c735a9f3bf95a33cb9cc161cbc5a7c0a0b565b
> git check-ignore -v -z --stdin
> git check-ignore -v -z --stdin
> git check-ignore -v -z --stdin
> git show --textconv :AuthenticationChallenge/Models/ApplicationUser.cs
> git ls-files --stage -- /home/alex/Workspace/VisualStudio/HackableAuthenticationChallenge/AuthenticationChallenge/Models/ApplicationUser.cs
> git cat-file -s cb8b81ed88ed1891f9fcc39d02c5d392c941c118
> git check-ignore -v -z --stdin
> git show --textconv :AuthenticationChallenge/Views/Manage/_StatusMessage.cshtml
> git ls-files --stage -- /home/alex/Workspace/VisualStudio/HackableAuthenticationChallenge/AuthenticationChallenge/Views/Manage/_StatusMessage.cshtml
> git cat-file -s e996841309e285bab4369bf443de9e93a11e738c
> git show --textconv :AuthenticationChallenge/Properties/Resources.Designer.cs
> git ls-files --stage -- /home/alex/Workspace/VisualStudio/HackableAuthenticationChallenge/AuthenticationChallenge/Properties/Resources.Designer.cs
> git cat-file -s 50c735a9f3bf95a33cb9cc161cbc5a7c0a0b565b
> git check-ignore -v -z --stdin
> git show --textconv :AuthenticationChallenge/Startup.cs
> git ls-files --stage -- /home/alex/Workspace/VisualStudio/HackableAuthenticationChallenge/AuthenticationChallenge/Startup.cs
> git cat-file -s 14c5fd792f3c363a5a2171b71010d157f66f9f19
