[2021-01-17 20:17:51.408] [renderer1] [error] [File Watcher (node.js)] Failed to watch /home/alex/.config/Code/User for changes using fs.watch() (TypeError: Cannot redefine property: owner)
[2021-01-17 20:17:51.408] [renderer1] [error] [File Watcher (node.js)] Error: ENOENT: no such file or directory, stat '/home/alex/Workspace/VisualStudio/HackableAuthenticationChallenge/.vscode'
[2021-01-17 20:17:51.408] [renderer1] [error] Error: [File Watcher (node.js)] Failed to watch /home/alex/.config/Code/logs/20210117T201750/output_1_20210117T201750 for changes using fs.watch() (TypeError: Cannot redefine property: owner)
[2021-01-17 20:17:51.408] [renderer1] [error] [File Watcher (node.js)] Failed to watch /home/alex/.config/Code/logs/20210117T201750/output_1_20210117T201750 for changes using fs.watch() (TypeError: Cannot redefine property: owner)
[2021-01-17 20:17:51.408] [renderer1] [error] Error: [File Watcher (node.js)] Failed to watch /home/alex/.config/Code/logs/20210117T201750 for changes using fs.watch() (TypeError: Cannot redefine property: owner)
[2021-01-17 20:17:51.408] [renderer1] [error] [File Watcher (node.js)] Failed to watch /home/alex/.config/Code/logs/20210117T201750 for changes using fs.watch() (TypeError: Cannot redefine property: owner)
[2021-01-17 20:17:52.151] [renderer1] [error] Error: [File Watcher (node.js)] Failed to watch /home/alex/.config/Code/User/snippets for changes using fs.watch() (TypeError: Cannot redefine property: owner)
[2021-01-17 20:17:52.151] [renderer1] [error] [File Watcher (node.js)] Failed to watch /home/alex/.config/Code/User/snippets for changes using fs.watch() (TypeError: Cannot redefine property: owner)
[2021-01-17 20:17:55.713] [renderer1] [error] Problem invoking 'GetCodeActions' on OmniSharp server: Error: Pending request cancelled: /v2/getcodeactions
[2021-01-17 20:18:01.899] [renderer1] [error] Cannot read property 'selection' of undefined: TypeError: Cannot read property 'selection' of undefined
    at CodeActionProvider.getInitializeFromCtorCommand (/home/alex/.vscode/extensions/jchannon.csharpextensions-1.3.1/out/src/codeActionProvider.js:165:33)
    at addInitalizeFromCtor (/home/alex/.vscode/extensions/jchannon.csharpextensions-1.3.1/out/src/codeActionProvider.js:15:28)
    at CodeActionProvider.provideCodeActions (/home/alex/.vscode/extensions/jchannon.csharpextensions-1.3.1/out/src/codeActionProvider.js:19:9)
    at /usr/share/code/resources/app/out/vs/workbench/services/extensions/node/extensionHostProcess.js:755:728
    at /usr/share/code/resources/app/out/vs/workbench/services/extensions/node/extensionHostProcess.js:52:1010
    at new Promise (<anonymous>:null:null)
    at Object.t.asPromise (/usr/share/code/resources/app/out/vs/workbench/services/extensions/node/extensionHostProcess.js:52:982)
    at P.provideCodeActions (/usr/share/code/resources/app/out/vs/workbench/services/extensions/node/extensionHostProcess.js:755:699)
    at /usr/share/code/resources/app/out/vs/workbench/services/extensions/node/extensionHostProcess.js:777:414
    at q._withAdapter (/usr/share/code/resources/app/out/vs/workbench/services/extensions/node/extensionHostProcess.js:772:10)
    at q.$provideCodeActions (/usr/share/code/resources/app/out/vs/workbench/services/extensions/node/extensionHostProcess.js:777:392)
    at m._doInvokeHandler (/usr/share/code/resources/app/out/vs/workbench/services/extensions/node/extensionHostProcess.js:892:926)
    at m._invokeHandler (/usr/share/code/resources/app/out/vs/workbench/services/extensions/node/extensionHostProcess.js:892:618)
    at m._receiveRequest (/usr/share/code/resources/app/out/vs/workbench/services/extensions/node/extensionHostProcess.js:891:201)
    at m._receiveOneMessage (/usr/share/code/resources/app/out/vs/workbench/services/extensions/node/extensionHostProcess.js:890:6)
    at /usr/share/code/resources/app/out/vs/workbench/services/extensions/node/extensionHostProcess.js:888:136
    at l.fire (/usr/share/code/resources/app/out/vs/workbench/services/extensions/node/extensionHostProcess.js:46:801)
    at v.fire (/usr/share/code/resources/app/out/vs/workbench/services/extensions/node/extensionHostProcess.js:233:787)
    at /usr/share/code/resources/app/out/vs/workbench/services/extensions/node/extensionHostProcess.js:1094:104
    at l.fire (/usr/share/code/resources/app/out/vs/workbench/services/extensions/node/extensionHostProcess.js:46:801)
    at v.fire (/usr/share/code/resources/app/out/vs/workbench/services/extensions/node/extensionHostProcess.js:233:787)
    at t.PersistentProtocol._receiveMessage (/usr/share/code/resources/app/out/vs/workbench/services/extensions/node/extensionHostProcess.js:238:1004)
    at /usr/share/code/resources/app/out/vs/workbench/services/extensions/node/extensionHostProcess.js:235:927
    at l.fire (/usr/share/code/resources/app/out/vs/workbench/services/extensions/node/extensionHostProcess.js:46:801)
    at p.acceptChunk (/usr/share/code/resources/app/out/vs/workbench/services/extensions/node/extensionHostProcess.js:231:195)
    at /usr/share/code/resources/app/out/vs/workbench/services/extensions/node/extensionHostProcess.js:230:547
    at Socket.t (/usr/share/code/resources/app/out/vs/workbench/services/extensions/node/extensionHostProcess.js:240:822)
    at Socket.emit (events.js:223:5)
    at addChunk (_stream_readable.js:309:12)
    at readableAddChunk (_stream_readable.js:290:11)
    at Socket.Readable.push (_stream_readable.js:224:10)
    at Pipe.onStreamRead (internal/stream_base_commons.js:181:23)

[2021-01-17 20:18:11.795] [renderer1] [error] Cannot read property 'selection' of undefined: TypeError: Cannot read property 'selection' of undefined
    at CodeActionProvider.getInitializeFromCtorCommand (/home/alex/.vscode/extensions/jchannon.csharpextensions-1.3.1/out/src/codeActionProvider.js:165:33)
    at addInitalizeFromCtor (/home/alex/.vscode/extensions/jchannon.csharpextensions-1.3.1/out/src/codeActionProvider.js:15:28)
    at CodeActionProvider.provideCodeActions (/home/alex/.vscode/extensions/jchannon.csharpextensions-1.3.1/out/src/codeActionProvider.js:19:9)
    at /usr/share/code/resources/app/out/vs/workbench/services/extensions/node/extensionHostProcess.js:755:728
    at /usr/share/code/resources/app/out/vs/workbench/services/extensions/node/extensionHostProcess.js:52:1010
    at new Promise (<anonymous>:null:null)
    at Object.t.asPromise (/usr/share/code/resources/app/out/vs/workbench/services/extensions/node/extensionHostProcess.js:52:982)
    at P.provideCodeActions (/usr/share/code/resources/app/out/vs/workbench/services/extensions/node/extensionHostProcess.js:755:699)
    at /usr/share/code/resources/app/out/vs/workbench/services/extensions/node/extensionHostProcess.js:777:414
    at q._withAdapter (/usr/share/code/resources/app/out/vs/workbench/services/extensions/node/extensionHostProcess.js:772:10)
    at q.$provideCodeActions (/usr/share/code/resources/app/out/vs/workbench/services/extensions/node/extensionHostProcess.js:777:392)
    at m._doInvokeHandler (/usr/share/code/resources/app/out/vs/workbench/services/extensions/node/extensionHostProcess.js:892:926)
    at m._invokeHandler (/usr/share/code/resources/app/out/vs/workbench/services/extensions/node/extensionHostProcess.js:892:618)
    at m._receiveRequest (/usr/share/code/resources/app/out/vs/workbench/services/extensions/node/extensionHostProcess.js:891:201)
    at m._receiveOneMessage (/usr/share/code/resources/app/out/vs/workbench/services/extensions/node/extensionHostProcess.js:890:6)
    at /usr/share/code/resources/app/out/vs/workbench/services/extensions/node/extensionHostProcess.js:888:136
    at l.fire (/usr/share/code/resources/app/out/vs/workbench/services/extensions/node/extensionHostProcess.js:46:801)
    at v.fire (/usr/share/code/resources/app/out/vs/workbench/services/extensions/node/extensionHostProcess.js:233:787)
    at /usr/share/code/resources/app/out/vs/workbench/services/extensions/node/extensionHostProcess.js:1094:104
    at l.fire (/usr/share/code/resources/app/out/vs/workbench/services/extensions/node/extensionHostProcess.js:46:801)
    at v.fire (/usr/share/code/resources/app/out/vs/workbench/services/extensions/node/extensionHostProcess.js:233:787)
    at t.PersistentProtocol._receiveMessage (/usr/share/code/resources/app/out/vs/workbench/services/extensions/node/extensionHostProcess.js:238:1004)
    at /usr/share/code/resources/app/out/vs/workbench/services/extensions/node/extensionHostProcess.js:235:927
    at l.fire (/usr/share/code/resources/app/out/vs/workbench/services/extensions/node/extensionHostProcess.js:46:801)
    at p.acceptChunk (/usr/share/code/resources/app/out/vs/workbench/services/extensions/node/extensionHostProcess.js:231:195)
    at /usr/share/code/resources/app/out/vs/workbench/services/extensions/node/extensionHostProcess.js:230:547
    at Socket.t (/usr/share/code/resources/app/out/vs/workbench/services/extensions/node/extensionHostProcess.js:240:822)
    at Socket.emit (events.js:223:5)
    at addChunk (_stream_readable.js:309:12)
    at readableAddChunk (_stream_readable.js:290:11)
    at Socket.Readable.push (_stream_readable.js:224:10)
    at Pipe.onStreamRead (internal/stream_base_commons.js:181:23)

[2021-01-17 20:18:16.301] [renderer1] [error] Cannot read property 'selection' of undefined: TypeError: Cannot read property 'selection' of undefined
    at CodeActionProvider.getInitializeFromCtorCommand (/home/alex/.vscode/extensions/jchannon.csharpextensions-1.3.1/out/src/codeActionProvider.js:165:33)
    at addInitalizeFromCtor (/home/alex/.vscode/extensions/jchannon.csharpextensions-1.3.1/out/src/codeActionProvider.js:15:28)
    at CodeActionProvider.provideCodeActions (/home/alex/.vscode/extensions/jchannon.csharpextensions-1.3.1/out/src/codeActionProvider.js:19:9)
    at /usr/share/code/resources/app/out/vs/workbench/services/extensions/node/extensionHostProcess.js:755:728
    at /usr/share/code/resources/app/out/vs/workbench/services/extensions/node/extensionHostProcess.js:52:1010
    at new Promise (<anonymous>:null:null)
    at Object.t.asPromise (/usr/share/code/resources/app/out/vs/workbench/services/extensions/node/extensionHostProcess.js:52:982)
    at P.provideCodeActions (/usr/share/code/resources/app/out/vs/workbench/services/extensions/node/extensionHostProcess.js:755:699)
    at /usr/share/code/resources/app/out/vs/workbench/services/extensions/node/extensionHostProcess.js:777:414
    at q._withAdapter (/usr/share/code/resources/app/out/vs/workbench/services/extensions/node/extensionHostProcess.js:772:10)
    at q.$provideCodeActions (/usr/share/code/resources/app/out/vs/workbench/services/extensions/node/extensionHostProcess.js:777:392)
    at m._doInvokeHandler (/usr/share/code/resources/app/out/vs/workbench/services/extensions/node/extensionHostProcess.js:892:926)
    at m._invokeHandler (/usr/share/code/resources/app/out/vs/workbench/services/extensions/node/extensionHostProcess.js:892:618)
    at m._receiveRequest (/usr/share/code/resources/app/out/vs/workbench/services/extensions/node/extensionHostProcess.js:891:201)
    at m._receiveOneMessage (/usr/share/code/resources/app/out/vs/workbench/services/extensions/node/extensionHostProcess.js:890:6)
    at /usr/share/code/resources/app/out/vs/workbench/services/extensions/node/extensionHostProcess.js:888:136
    at l.fire (/usr/share/code/resources/app/out/vs/workbench/services/extensions/node/extensionHostProcess.js:46:801)
    at v.fire (/usr/share/code/resources/app/out/vs/workbench/services/extensions/node/extensionHostProcess.js:233:787)
    at /usr/share/code/resources/app/out/vs/workbench/services/extensions/node/extensionHostProcess.js:1094:104
    at l.fire (/usr/share/code/resources/app/out/vs/workbench/services/extensions/node/extensionHostProcess.js:46:801)
    at v.fire (/usr/share/code/resources/app/out/vs/workbench/services/extensions/node/extensionHostProcess.js:233:787)
    at t.PersistentProtocol._receiveMessage (/usr/share/code/resources/app/out/vs/workbench/services/extensions/node/extensionHostProcess.js:238:1004)
    at /usr/share/code/resources/app/out/vs/workbench/services/extensions/node/extensionHostProcess.js:235:927
    at l.fire (/usr/share/code/resources/app/out/vs/workbench/services/extensions/node/extensionHostProcess.js:46:801)
    at p.acceptChunk (/usr/share/code/resources/app/out/vs/workbench/services/extensions/node/extensionHostProcess.js:231:195)
    at /usr/share/code/resources/app/out/vs/workbench/services/extensions/node/extensionHostProcess.js:230:547
    at Socket.t (/usr/share/code/resources/app/out/vs/workbench/services/extensions/node/extensionHostProcess.js:240:822)
    at Socket.emit (events.js:223:5)
    at addChunk (_stream_readable.js:309:12)
    at readableAddChunk (_stream_readable.js:290:11)
    at Socket.Readable.push (_stream_readable.js:224:10)
    at Pipe.onStreamRead (internal/stream_base_commons.js:181:23)

