[2021-01-02 16:15:43.117] [sharedprocess] [info] main {"machineId":"6ca3d707bf40e47ecf765dc4bc8edfb3e5293039acf653cb80724a3832e64e8d","windowId":2}
[2021-01-02 16:15:43.176] [sharedprocess] [error] [File Watcher (node.js)] Error: ENOENT: no such file or directory, stat '/home/alex/.config/Code/User/snippets'
[2021-01-02 16:16:23.129] [sharedprocess] [info] Starting to clean up unused language packs.
[2021-01-02 16:19:54.935] [sharedprocess] [info] Installing extension: ms-python.python
[2021-01-02 16:19:55.925] [sharedprocess] [info] Downloaded extension: ms-python.python undefined
[2021-01-02 16:19:58.012] [sharedprocess] [info] Extracted extension to /home/alex/.vscode/extensions/.ms-python.python-2020.12.424452561: ms-python.python
[2021-01-02 16:19:58.013] [sharedprocess] [info] Renamed to /home/alex/.vscode/extensions/ms-python.python-2020.12.424452561
[2021-01-02 16:19:58.016] [sharedprocess] [info] Installation completed. ms-python.python
[2021-01-02 16:19:58.108] [sharedprocess] [info] Installing extension: ms-toolsai.jupyter
[2021-01-02 16:19:59.443] [sharedprocess] [info] Downloaded extension: ms-toolsai.jupyter undefined
[2021-01-02 16:20:00.493] [sharedprocess] [info] Extracted extension to /home/alex/.vscode/extensions/.ms-toolsai.jupyter-2020.12.414227025: ms-toolsai.jupyter
[2021-01-02 16:20:00.493] [sharedprocess] [info] Renamed to /home/alex/.vscode/extensions/ms-toolsai.jupyter-2020.12.414227025
[2021-01-02 16:20:00.496] [sharedprocess] [info] Installation completed. ms-toolsai.jupyter
[2021-01-02 16:20:00.503] [sharedprocess] [info] Extensions installed successfully: ms-toolsai.jupyter
[2021-01-02 16:20:00.505] [sharedprocess] [info] Extensions installed successfully: ms-python.python
[2021-01-02 16:20:11.653] [sharedprocess] [info] Installing extension: jchannon.csharpextensions
[2021-01-02 16:20:11.968] [sharedprocess] [info] Downloaded extension: jchannon.csharpextensions undefined
[2021-01-02 16:20:12.100] [sharedprocess] [info] Extracted extension to /home/alex/.vscode/extensions/.jchannon.csharpextensions-1.3.1: jchannon.csharpextensions
[2021-01-02 16:20:12.100] [sharedprocess] [info] Renamed to /home/alex/.vscode/extensions/jchannon.csharpextensions-1.3.1
[2021-01-02 16:20:12.100] [sharedprocess] [info] Installation completed. jchannon.csharpextensions
[2021-01-02 16:20:12.105] [sharedprocess] [info] Extensions installed successfully: jchannon.csharpextensions
[2021-01-02 16:21:32.693] [sharedprocess] [info] Installing extension: ms-dotnettools.csharp
[2021-01-02 16:21:32.873] [sharedprocess] [info] Downloaded extension: ms-dotnettools.csharp undefined
[2021-01-02 16:21:32.934] [sharedprocess] [info] Extracted extension to /home/alex/.vscode/extensions/.ms-dotnettools.csharp-1.23.8: ms-dotnettools.csharp
[2021-01-02 16:21:32.934] [sharedprocess] [info] Renamed to /home/alex/.vscode/extensions/ms-dotnettools.csharp-1.23.8
[2021-01-02 16:21:32.938] [sharedprocess] [info] Installation completed. ms-dotnettools.csharp
[2021-01-02 16:21:32.947] [sharedprocess] [info] Extensions installed successfully: ms-dotnettools.csharp
[2021-01-02 16:21:38.766] [sharedprocess] [info] Installing extension: maurobussini.vscode-dotnet-essentials
[2021-01-02 16:21:38.951] [sharedprocess] [info] Downloaded extension: maurobussini.vscode-dotnet-essentials undefined
[2021-01-02 16:21:38.957] [sharedprocess] [info] Extracted extension to /home/alex/.vscode/extensions/.maurobussini.vscode-dotnet-essentials-0.0.3: maurobussini.vscode-dotnet-essentials
[2021-01-02 16:21:38.957] [sharedprocess] [info] Renamed to /home/alex/.vscode/extensions/maurobussini.vscode-dotnet-essentials-0.0.3
[2021-01-02 16:21:38.958] [sharedprocess] [info] Installation completed. maurobussini.vscode-dotnet-essentials
[2021-01-02 16:21:39.083] [sharedprocess] [info] Installing extension: eamodio.gitlens
[2021-01-02 16:21:39.083] [sharedprocess] [info] Installing extension: davidanson.vscode-markdownlint
[2021-01-02 16:21:39.083] [sharedprocess] [info] Installing extension: k--kato.docomment
[2021-01-02 16:21:39.083] [sharedprocess] [info] Installing extension: tintoy.msbuild-project-tools
[2021-01-02 16:21:39.305] [sharedprocess] [info] Downloaded extension: k--kato.docomment undefined
[2021-01-02 16:21:39.315] [sharedprocess] [info] Downloaded extension: davidanson.vscode-markdownlint undefined
[2021-01-02 16:21:39.391] [sharedprocess] [info] Extracted extension to /home/alex/.vscode/extensions/.davidanson.vscode-markdownlint-0.38.0: davidanson.vscode-markdownlint
[2021-01-02 16:21:39.391] [sharedprocess] [info] Renamed to /home/alex/.vscode/extensions/davidanson.vscode-markdownlint-0.38.0
[2021-01-02 16:21:39.395] [sharedprocess] [info] Installation completed. davidanson.vscode-markdownlint
[2021-01-02 16:21:39.401] [sharedprocess] [info] Extensions installed successfully: davidanson.vscode-markdownlint
[2021-01-02 16:21:39.407] [sharedprocess] [info] Extracted extension to /home/alex/.vscode/extensions/.k--kato.docomment-0.1.20: k--kato.docomment
[2021-01-02 16:21:39.407] [sharedprocess] [info] Renamed to /home/alex/.vscode/extensions/k--kato.docomment-0.1.20
[2021-01-02 16:21:39.408] [sharedprocess] [info] Installation completed. k--kato.docomment
[2021-01-02 16:21:39.412] [sharedprocess] [info] Extensions installed successfully: k--kato.docomment
[2021-01-02 16:21:39.516] [sharedprocess] [info] Downloaded extension: eamodio.gitlens undefined
[2021-01-02 16:21:39.694] [sharedprocess] [info] Downloaded extension: tintoy.msbuild-project-tools undefined
[2021-01-02 16:21:39.872] [sharedprocess] [info] Extracted extension to /home/alex/.vscode/extensions/.eamodio.gitlens-11.1.0: eamodio.gitlens
[2021-01-02 16:21:39.872] [sharedprocess] [info] Renamed to /home/alex/.vscode/extensions/eamodio.gitlens-11.1.0
[2021-01-02 16:21:39.882] [sharedprocess] [info] Installation completed. eamodio.gitlens
[2021-01-02 16:21:39.906] [sharedprocess] [info] Extensions installed successfully: eamodio.gitlens
[2021-01-02 16:21:41.772] [sharedprocess] [info] Extracted extension to /home/alex/.vscode/extensions/.tintoy.msbuild-project-tools-0.3.10: tintoy.msbuild-project-tools
[2021-01-02 16:21:41.772] [sharedprocess] [info] Renamed to /home/alex/.vscode/extensions/tintoy.msbuild-project-tools-0.3.10
[2021-01-02 16:21:41.774] [sharedprocess] [info] Installation completed. tintoy.msbuild-project-tools
[2021-01-02 16:21:41.779] [sharedprocess] [info] Extensions installed successfully: tintoy.msbuild-project-tools
[2021-01-02 16:21:41.780] [sharedprocess] [info] Extensions installed successfully: maurobussini.vscode-dotnet-essentials
